<?xml version="1.0" encoding="UTF-8"?>
<!-- Generated by org.testng.reporters.JUnitReportReporter -->
<testsuite name="com.testngscripts.DataProviderAnnotation" tests="3" time="0.055" ignored="0" failures="0" timestamp="15 Apr 2018 06:59:41 GMT" skipped="0" hostname="Sanjeev-India" errors="0">
  <testcase name="dataProvider" time="0.006" classname="com.testngscripts.DataProviderAnnotation"/>
  <testcase name="dataProvider" time="0.005" classname="com.testngscripts.DataProviderAnnotation"/>
  <testcase name="dataProvider" time="0.044" classname="com.testngscripts.DataProviderAnnotation"/>
</testsuite> <!-- com.testngscripts.DataProviderAnnotation -->
