<?xml version="1.0" encoding="UTF-8"?>
<!-- Generated by org.testng.reporters.JUnitReportReporter -->
<testsuite name="com.testngscripts.MyApp_DepdAnnot_RealTime" tests="2" time="35.771" ignored="0" failures="0" timestamp="13 Apr 2018 02:35:20 GMT" skipped="0" hostname="Sanjeev-India" errors="0">
  <testcase name="statApp" time="29.614" classname="com.testngscripts.MyApp_DepdAnnot_RealTime"/>
  <testcase name="loginApp" time="6.157" classname="com.testngscripts.MyApp_DepdAnnot_RealTime"/>
</testsuite> <!-- com.testngscripts.MyApp_DepdAnnot_RealTime -->
