<?xml version="1.0" encoding="UTF-8"?>
<!-- Generated by org.testng.reporters.JUnitXMLReporter -->
<testsuite hostname="Sanjeev-India" ignored="0" name="FireFoxTestCases" tests="3" failures="0" timestamp="22 Jun 2018 18:20:18 GMT" time="42.716" errors="0">
  <testcase name="verifyPageTitle" time="12.57" classname="com.testngscripts.CrossBrowserTesting"/>
  <testcase name="verifyPageTitle" time="12.512" classname="com.testngscripts.CrossBrowserTesting"/>
  <testcase name="verifyPageTitle" time="17.613" classname="com.testngscripts.CrossBrowserTesting"/>
</testsuite> <!-- FireFoxTestCases -->
