<?xml version="1.0" encoding="UTF-8"?>
<!-- Generated by org.testng.reporters.JUnitXMLReporter -->
<testsuite hostname="Sanjeev-India" ignored="0" name="RetryMultipleFailedTestCases" tests="11" failures="2" timestamp="05 Jul 2018 10:48:47 GMT" time="0.149" errors="0">
  <testcase name="testAJS" time="0.029" classname="com.retestfailedtestcases.TestCase1">
    <skipped/>
  </testcase> <!-- testAJS -->
  <testcase name="testAJS" time="0.003" classname="com.retestfailedtestcases.TestCase1">
    <skipped/>
  </testcase> <!-- testAJS -->
  <testcase name="testAJS" time="0.002" classname="com.retestfailedtestcases.TestCase1">
    <skipped/>
  </testcase> <!-- testAJS -->
  <testcase name="testAJS" time="0.002" classname="com.retestfailedtestcases.TestCase1">
    <skipped/>
  </testcase> <!-- testAJS -->
  <testcase name="testAJS" time="0.001" classname="com.retestfailedtestcases.TestCase1">
    <failure type="java.lang.AssertionError" message="expected [true] but found [false]">
      <![CDATA[java.lang.AssertionError: expected [true] but found [false]
at com.retestfailedtestcases.TestCase1.testAJS(TestCase1.java:18)
... Removed 29 stack frames]]>
    </failure>
  </testcase> <!-- testAJS -->
  <testcase name="testSLJ" time="0.003" classname="com.retestfailedtestcases.TestCase1"/>
  <testcase name="testTJS" time="0.003" classname="com.retestfailedtestcases.TestCase1">
    <skipped/>
  </testcase> <!-- testTJS -->
  <testcase name="testTJS" time="0.002" classname="com.retestfailedtestcases.TestCase1">
    <skipped/>
  </testcase> <!-- testTJS -->
  <testcase name="testTJS" time="0.003" classname="com.retestfailedtestcases.TestCase1">
    <skipped/>
  </testcase> <!-- testTJS -->
  <testcase name="testTJS" time="0.002" classname="com.retestfailedtestcases.TestCase1">
    <skipped/>
  </testcase> <!-- testTJS -->
  <testcase name="testTJS" time="0.002" classname="com.retestfailedtestcases.TestCase1">
    <failure type="java.lang.AssertionError" message="expected [true] but found [false]">
      <![CDATA[java.lang.AssertionError: expected [true] but found [false]
at com.retestfailedtestcases.TestCase1.testTJS(TestCase1.java:24)
... Removed 29 stack frames]]>
    </failure>
  </testcase> <!-- testTJS -->
</testsuite> <!-- RetryMultipleFailedTestCases -->
