<?xml version="1.0" encoding="UTF-8"?>
<!-- Generated by org.testng.reporters.JUnitXMLReporter -->
<testsuite hostname="Sanjeev-India" ignored="0" name="Test" tests="4" failures="0" timestamp="01 May 2018 14:52:41 GMT" time="148.271" errors="0">
  <testcase name="openBetaSite" time="39.133" classname="com.testngscripts.Launch_All_Beta_Sites_Jenkins"/>
  <testcase name="getTitle" time="51.751" classname="com.testngscripts.VerifyTitle"/>
  <testcase name="verifyText" time="55.255" classname="com.testngscripts.VerifyErrorMessage"/>
  <testcase name="runTestonEnvironment" time="2.107" classname="com.recruitment.simplymarketingjobs.Open_Menu"/>
</testsuite> <!-- Test -->
