<?xml version="1.0" encoding="UTF-8"?>
<!-- Generated by org.testng.reporters.JUnitXMLReporter -->
<testsuite hostname="Sanjeev-India" ignored="0" name="Sprint1" tests="3" failures="1" timestamp="18 May 2018 12:06:51 GMT" time="0.116" errors="0">
  <testcase name="testAJS" time="0.02" classname="com.retestfailedtestcases.TestCase1"/>
  <testcase name="testSLJ" time="0.003" classname="com.retestfailedtestcases.TestCase2"/>
  <testcase name="testTJS" time="0.007" classname="com.retestfailedtestcases.TestCase3">
    <failure type="java.lang.AssertionError" message="expected [true] but found [false]">
      <![CDATA[java.lang.AssertionError: expected [true] but found [false]
	at com.retestfailedtestcases.TestCase3.testTJS(TestCase3.java:17)
... Removed 29 stack frames]]>
    </failure>
  </testcase> <!-- testTJS -->
</testsuite> <!-- Sprint1 -->
