<?xml version="1.0" encoding="UTF-8"?>
<testng-results skipped="0" failed="0" ignored="0" total="1" passed="1">
  <reporter-output>
  </reporter-output>
  <suite name="Default suite" duration-ms="53829" started-at="2018-06-03T09:05:54Z" finished-at="2018-06-03T09:06:48Z">
    <groups>
    </groups>
    <test name="Default test" duration-ms="53829" started-at="2018-06-03T09:05:54Z" finished-at="2018-06-03T09:06:48Z">
      <class name="webtablehandling.DynamicWebTableHandle">
        <test-method status="PASS" signature="datePickerDynamically()[pri:0, instance:webtablehandling.DynamicWebTableHandle@262b2c86]" name="datePickerDynamically" duration-ms="53792" started-at="2018-06-03T09:05:54Z" finished-at="2018-06-03T09:06:48Z">
          <reporter-output>
          </reporter-output>
        </test-method> <!-- datePickerDynamically -->
      </class> <!-- webtablehandling.DynamicWebTableHandle -->
    </test> <!-- Default test -->
  </suite> <!-- Default suite -->
</testng-results>
