<?xml version="1.0" encoding="UTF-8"?>
<testng-results skipped="0" failed="0" ignored="0" total="9" passed="9">
  <reporter-output>
  </reporter-output>
  <suite name="Suite" duration-ms="172092" started-at="2018-06-22T18:17:34Z" finished-at="2018-06-22T18:20:26Z">
    <groups>
    </groups>
    <test name="ChromeTestCases" duration-ms="121892" started-at="2018-06-22T18:17:34Z" finished-at="2018-06-22T18:19:36Z">
      <class name="com.testngscripts.CrossBrowserTesting">
        <test-method status="PASS" signature="verifyPageTitle(java.lang.String)[pri:0, instance:com.testngscripts.CrossBrowserTesting@3891771e]" name="verifyPageTitle" duration-ms="42705" started-at="2018-06-22T18:17:34Z" finished-at="2018-06-22T18:18:16Z">
          <params>
            <param index="0">
              <value>
                <![CDATA[chrome]]>
              </value>
            </param>
          </params>
          <reporter-output>
          </reporter-output>
        </test-method> <!-- verifyPageTitle -->
        <test-method status="PASS" signature="verifyPageTitle(java.lang.String)[pri:0, instance:com.testngscripts.CrossBrowserTesting@3891771e]" name="verifyPageTitle" duration-ms="38637" started-at="2018-06-22T18:18:16Z" finished-at="2018-06-22T18:18:55Z">
          <params>
            <param index="0">
              <value>
                <![CDATA[chrome]]>
              </value>
            </param>
          </params>
          <reporter-output>
          </reporter-output>
        </test-method> <!-- verifyPageTitle -->
        <test-method status="PASS" signature="verifyPageTitle(java.lang.String)[pri:0, instance:com.testngscripts.CrossBrowserTesting@3891771e]" name="verifyPageTitle" duration-ms="40476" started-at="2018-06-22T18:18:55Z" finished-at="2018-06-22T18:19:36Z">
          <params>
            <param index="0">
              <value>
                <![CDATA[chrome]]>
              </value>
            </param>
          </params>
          <reporter-output>
          </reporter-output>
        </test-method> <!-- verifyPageTitle -->
      </class> <!-- com.testngscripts.CrossBrowserTesting -->
    </test> <!-- ChromeTestCases -->
    <test name="FireFoxTestCases" duration-ms="42716" started-at="2018-06-22T18:19:36Z" finished-at="2018-06-22T18:20:18Z">
      <class name="com.testngscripts.CrossBrowserTesting">
        <test-method status="PASS" signature="verifyPageTitle(java.lang.String)[pri:0, instance:com.testngscripts.CrossBrowserTesting@4cf4d528]" name="verifyPageTitle" duration-ms="12570" started-at="2018-06-22T18:19:36Z" finished-at="2018-06-22T18:19:48Z">
          <params>
            <param index="0">
              <value>
                <![CDATA[firefox]]>
              </value>
            </param>
          </params>
          <reporter-output>
          </reporter-output>
        </test-method> <!-- verifyPageTitle -->
        <test-method status="PASS" signature="verifyPageTitle(java.lang.String)[pri:0, instance:com.testngscripts.CrossBrowserTesting@4cf4d528]" name="verifyPageTitle" duration-ms="12512" started-at="2018-06-22T18:19:48Z" finished-at="2018-06-22T18:20:01Z">
          <params>
            <param index="0">
              <value>
                <![CDATA[firefox]]>
              </value>
            </param>
          </params>
          <reporter-output>
          </reporter-output>
        </test-method> <!-- verifyPageTitle -->
        <test-method status="PASS" signature="verifyPageTitle(java.lang.String)[pri:0, instance:com.testngscripts.CrossBrowserTesting@4cf4d528]" name="verifyPageTitle" duration-ms="17613" started-at="2018-06-22T18:20:01Z" finished-at="2018-06-22T18:20:18Z">
          <params>
            <param index="0">
              <value>
                <![CDATA[firefox]]>
              </value>
            </param>
          </params>
          <reporter-output>
          </reporter-output>
        </test-method> <!-- verifyPageTitle -->
      </class> <!-- com.testngscripts.CrossBrowserTesting -->
    </test> <!-- FireFoxTestCases -->
    <test name="IETestCases" duration-ms="7433" started-at="2018-06-22T18:20:18Z" finished-at="2018-06-22T18:20:26Z">
      <class name="com.testngscripts.CrossBrowserTesting">
        <test-method status="PASS" signature="verifyPageTitle(java.lang.String)[pri:0, instance:com.testngscripts.CrossBrowserTesting@df27fae]" name="verifyPageTitle" duration-ms="2227" started-at="2018-06-22T18:20:18Z" finished-at="2018-06-22T18:20:21Z">
          <params>
            <param index="0">
              <value>
                <![CDATA[IE]]>
              </value>
            </param>
          </params>
          <reporter-output>
          </reporter-output>
        </test-method> <!-- verifyPageTitle -->
        <test-method status="PASS" signature="verifyPageTitle(java.lang.String)[pri:0, instance:com.testngscripts.CrossBrowserTesting@df27fae]" name="verifyPageTitle" duration-ms="2428" started-at="2018-06-22T18:20:21Z" finished-at="2018-06-22T18:20:23Z">
          <params>
            <param index="0">
              <value>
                <![CDATA[IE]]>
              </value>
            </param>
          </params>
          <reporter-output>
          </reporter-output>
        </test-method> <!-- verifyPageTitle -->
        <test-method status="PASS" signature="verifyPageTitle(java.lang.String)[pri:0, instance:com.testngscripts.CrossBrowserTesting@df27fae]" name="verifyPageTitle" duration-ms="2761" started-at="2018-06-22T18:20:23Z" finished-at="2018-06-22T18:20:26Z">
          <params>
            <param index="0">
              <value>
                <![CDATA[IE]]>
              </value>
            </param>
          </params>
          <reporter-output>
          </reporter-output>
        </test-method> <!-- verifyPageTitle -->
      </class> <!-- com.testngscripts.CrossBrowserTesting -->
    </test> <!-- IETestCases -->
  </suite> <!-- Suite -->
</testng-results>
