<?xml version="1.0" encoding="UTF-8"?>
<!-- Generated by org.testng.reporters.JUnitXMLReporter -->
<testsuite hostname="Sanjeev-India" ignored="0" name="FireFoxTestCases" tests="1" failures="1" timestamp="30 Apr 2018 16:12:58 GMT" time="48.531" errors="0">
  <testcase name="verifyPageTitle" time="48.512" classname="com.testngscripts.CrossBrowserTesting">
    <failure type="org.openqa.selenium.WebDriverException" message="Failed to connect to binary FirefoxBinary(C:\Program Files (x86)\Mozilla Firefox\firefox.exe) on port 7055; process output follows: 
\Local\Temp\anonymous987141559096255909webdriver-profile\extensions\fxdriver@googlecode.com
1525104735349	addons.xpi	DEBUG	Ignoring file entry whose name is not a valid add-on ID: C:\Users\QA Team\AppData\Local\Temp\anonymous987141559096255909webdriver-profile\extensions\webdriver-staging
1525104735349	addons.xpi	DEBUG	Existing add-on fxdriver@googlecode.com in app-profile
1525104735350	addons.xpi	INFO	Mapping activity-stream@mozilla.org to C:\Program Files (x86)\Mozilla Firefox\browser\features\activity-stream@mozilla.org.xpi
1525104735350	addons.xpi	INFO	Mapping aushelper@mozilla.org to C:\Program Files (x86)\Mozilla Firefox\browser\features\aushelper@mozilla.org.xpi
1525104735350	addons.xpi	INFO	Mapping clicktoplay-rollout@mozilla.org to C:\Program Files (x86)\Mozilla Firefox\browser\features\clicktoplay-rollout@mozilla.org.xpi
1525104735350	addons.xpi	INFO	Mapping e10srollout@mozilla.org to C:\Program Files (x86)\Mozilla Firefox\browser\features\e10srollout@mozilla.org.xpi
1525104735351	addons.xpi	INFO	Mapping firefox@getpocket.com to C:\Program Files (x86)\Mozilla Firefox\browser\features\firefox@getpocket.com.xpi
1525104735351	addons.xpi	INFO	Mapping followonsearch@mozilla.com to C:\Program Files (x86)\Mozilla Firefox\browser\features\followonsearch@mozilla.com.xpi
1525104735351	addons.xpi	INFO	Mapping formautofill@mozilla.org to C:\Program Files (x86)\Mozilla Firefox\browser\features\formautofill@mozilla.org.xpi
1525104735351	addons.xpi	INFO	Mapping onboarding@mozilla.org to C:\Program Files (x86)\Mozilla Firefox\browser\features\onboarding@mozilla.org.xpi
1525104735351	addons.xpi	INFO	Mapping screenshots@mozilla.org to C:\Program Files (x86)\Mozilla Firefox\browser\features\screenshots@mozilla.org.xpi
1525104735351	addons.xpi	INFO	Mapping shield-recipe-client@mozilla.org to C:\Program Files (x86)\Mozilla Firefox\browser\features\shield-recipe-client@mozilla.org.xpi
1525104735352	addons.xpi	INFO	Mapping webcompat@mozilla.org to C:\Program Files (x86)\Mozilla Firefox\browser\features\webcompat@mozilla.org.xpi
1525104735352	addons.xpi	DEBUG	Existing add-on activity-stream@mozilla.org in app-system-defaults
1525104735352	addons.xpi	DEBUG	Existing add-on aushelper@mozilla.org in app-system-defaults
1525104735353	addons.xpi	DEBUG	Existing add-on clicktoplay-rollout@mozilla.org in app-system-defaults
1525104735353	addons.xpi	DEBUG	Existing add-on e10srollout@mozilla.org in app-system-defaults
1525104735354	addons.xpi	DEBUG	Existing add-on firefox@getpocket.com in app-system-defaults
1525104735354	addons.xpi	DEBUG	Existing add-on followonsearch@mozilla.com in app-system-defaults
1525104735355	addons.xpi	DEBUG	Existing add-on formautofill@mozilla.org in app-system-defaults
1525104735355	addons.xpi	DEBUG	Existing add-on onboarding@mozilla.org in app-system-defaults
1525104735355	addons.xpi	DEBUG	Existing add-on screenshots@mozilla.org in app-system-defaults
1525104735356	addons.xpi	DEBUG	Existing add-on shield-recipe-client@mozilla.org in app-system-defaults
1525104735356	addons.xpi	DEBUG	Existing add-on webcompat@mozilla.org in app-system-defaults
1525104735357	addons.xpi	INFO	Mapping {972ce4c6-7e08-4474-a285-3208198ce6fd} to C:\Program Files (x86)\Mozilla Firefox\browser\extensions\{972ce4c6-7e08-4474-a285-3208198ce6fd}.xpi
1525104735357	addons.xpi	DEBUG	Existing add-on {972ce4c6-7e08-4474-a285-3208198ce6fd} in app-global
1525104735357	addons.xpi	DEBUG	getInstallState changed: false, state: {}
1525104736717	addons.productaddons	INFO	Completed downloading document
1525104737978	addons.productaddons	INFO	downloadXHR File download. status=200
1525104738009	addons.productaddons	INFO	Downloaded file will be saved to C:\Users\QATEAM~1\AppData\Local\Temp\tmpaddon-842b84
1525104738857	DeferredSave.webext.sc.lz4	DEBUG	Starting write
1525104738870	DeferredSave.webext.sc.lz4	DEBUG	Write succeeded
1525104741819	addons.productaddons	INFO	downloadXHR File download. status=200
1525104741822	addons.productaddons	INFO	Downloaded file will be saved to C:\Users\QATEAM~1\AppData\Local\Temp\tmpaddon-11456e

Build info: version: &amp;apos;2.53.1&amp;apos;, revision: &amp;apos;a36b8b1cd5757287168e54b817830adce9b0158d&amp;apos;, time: &amp;apos;2016-06-30 19:26:09&amp;apos;
System info: host: &amp;apos;Sanjeev-India&amp;apos;, ip: &amp;apos;192.168.2.2&amp;apos;, os.name: &amp;apos;Windows 10&amp;apos;, os.arch: &amp;apos;amd64&amp;apos;, os.version: &amp;apos;10.0&amp;apos;, java.version: &amp;apos;1.8.0_151&amp;apos;
Driver info: driver.version: FirefoxDriver">
      <![CDATA[org.openqa.selenium.WebDriverException: Failed to connect to binary FirefoxBinary(C:\Program Files (x86)\Mozilla Firefox\firefox.exe) on port 7055; process output follows: 
\Local\Temp\anonymous987141559096255909webdriver-profile\extensions\fxdriver@googlecode.com
1525104735349	addons.xpi	DEBUG	Ignoring file entry whose name is not a valid add-on ID: C:\Users\QA Team\AppData\Local\Temp\anonymous987141559096255909webdriver-profile\extensions\webdriver-staging
1525104735349	addons.xpi	DEBUG	Existing add-on fxdriver@googlecode.com in app-profile
1525104735350	addons.xpi	INFO	Mapping activity-stream@mozilla.org to C:\Program Files (x86)\Mozilla Firefox\browser\features\activity-stream@mozilla.org.xpi
1525104735350	addons.xpi	INFO	Mapping aushelper@mozilla.org to C:\Program Files (x86)\Mozilla Firefox\browser\features\aushelper@mozilla.org.xpi
1525104735350	addons.xpi	INFO	Mapping clicktoplay-rollout@mozilla.org to C:\Program Files (x86)\Mozilla Firefox\browser\features\clicktoplay-rollout@mozilla.org.xpi
1525104735350	addons.xpi	INFO	Mapping e10srollout@mozilla.org to C:\Program Files (x86)\Mozilla Firefox\browser\features\e10srollout@mozilla.org.xpi
1525104735351	addons.xpi	INFO	Mapping firefox@getpocket.com to C:\Program Files (x86)\Mozilla Firefox\browser\features\firefox@getpocket.com.xpi
1525104735351	addons.xpi	INFO	Mapping followonsearch@mozilla.com to C:\Program Files (x86)\Mozilla Firefox\browser\features\followonsearch@mozilla.com.xpi
1525104735351	addons.xpi	INFO	Mapping formautofill@mozilla.org to C:\Program Files (x86)\Mozilla Firefox\browser\features\formautofill@mozilla.org.xpi
1525104735351	addons.xpi	INFO	Mapping onboarding@mozilla.org to C:\Program Files (x86)\Mozilla Firefox\browser\features\onboarding@mozilla.org.xpi
1525104735351	addons.xpi	INFO	Mapping screenshots@mozilla.org to C:\Program Files (x86)\Mozilla Firefox\browser\features\screenshots@mozilla.org.xpi
1525104735351	addons.xpi	INFO	Mapping shield-recipe-client@mozilla.org to C:\Program Files (x86)\Mozilla Firefox\browser\features\shield-recipe-client@mozilla.org.xpi
1525104735352	addons.xpi	INFO	Mapping webcompat@mozilla.org to C:\Program Files (x86)\Mozilla Firefox\browser\features\webcompat@mozilla.org.xpi
1525104735352	addons.xpi	DEBUG	Existing add-on activity-stream@mozilla.org in app-system-defaults
1525104735352	addons.xpi	DEBUG	Existing add-on aushelper@mozilla.org in app-system-defaults
1525104735353	addons.xpi	DEBUG	Existing add-on clicktoplay-rollout@mozilla.org in app-system-defaults
1525104735353	addons.xpi	DEBUG	Existing add-on e10srollout@mozilla.org in app-system-defaults
1525104735354	addons.xpi	DEBUG	Existing add-on firefox@getpocket.com in app-system-defaults
1525104735354	addons.xpi	DEBUG	Existing add-on followonsearch@mozilla.com in app-system-defaults
1525104735355	addons.xpi	DEBUG	Existing add-on formautofill@mozilla.org in app-system-defaults
1525104735355	addons.xpi	DEBUG	Existing add-on onboarding@mozilla.org in app-system-defaults
1525104735355	addons.xpi	DEBUG	Existing add-on screenshots@mozilla.org in app-system-defaults
1525104735356	addons.xpi	DEBUG	Existing add-on shield-recipe-client@mozilla.org in app-system-defaults
1525104735356	addons.xpi	DEBUG	Existing add-on webcompat@mozilla.org in app-system-defaults
1525104735357	addons.xpi	INFO	Mapping {972ce4c6-7e08-4474-a285-3208198ce6fd} to C:\Program Files (x86)\Mozilla Firefox\browser\extensions\{972ce4c6-7e08-4474-a285-3208198ce6fd}.xpi
1525104735357	addons.xpi	DEBUG	Existing add-on {972ce4c6-7e08-4474-a285-3208198ce6fd} in app-global
1525104735357	addons.xpi	DEBUG	getInstallState changed: false, state: {}
1525104736717	addons.productaddons	INFO	Completed downloading document
1525104737978	addons.productaddons	INFO	downloadXHR File download. status=200
1525104738009	addons.productaddons	INFO	Downloaded file will be saved to C:\Users\QATEAM~1\AppData\Local\Temp\tmpaddon-842b84
1525104738857	DeferredSave.webext.sc.lz4	DEBUG	Starting write
1525104738870	DeferredSave.webext.sc.lz4	DEBUG	Write succeeded
1525104741819	addons.productaddons	INFO	downloadXHR File download. status=200
1525104741822	addons.productaddons	INFO	Downloaded file will be saved to C:\Users\QATEAM~1\AppData\Local\Temp\tmpaddon-11456e

Build info: version: '2.53.1', revision: 'a36b8b1cd5757287168e54b817830adce9b0158d', time: '2016-06-30 19:26:09'
System info: host: 'Sanjeev-India', ip: '192.168.2.2', os.name: 'Windows 10', os.arch: 'amd64', os.version: '10.0', java.version: '1.8.0_151'
Driver info: driver.version: FirefoxDriver
	at org.openqa.selenium.firefox.internal.NewProfileExtensionConnection.start(NewProfileExtensionConnection.java:125)
	at org.openqa.selenium.firefox.FirefoxDriver.startClient(FirefoxDriver.java:271)
	at org.openqa.selenium.remote.RemoteWebDriver.<init>(RemoteWebDriver.java:119)
	at org.openqa.selenium.firefox.FirefoxDriver.<init>(FirefoxDriver.java:216)
	at org.openqa.selenium.firefox.FirefoxDriver.<init>(FirefoxDriver.java:211)
	at org.openqa.selenium.firefox.FirefoxDriver.<init>(FirefoxDriver.java:207)
	at org.openqa.selenium.firefox.FirefoxDriver.<init>(FirefoxDriver.java:120)
	at com.testngscripts.CrossBrowserTesting.verifyPageTitle(CrossBrowserTesting.java:37)
	at java.util.concurrent.ThreadPoolExecutor.runWorker(Unknown Source)
	at java.util.concurrent.ThreadPoolExecutor$Worker.run(Unknown Source)
	at java.lang.Thread.run(Unknown Source)
Caused by: org.openqa.selenium.firefox.NotConnectedException: Unable to connect to host 127.0.0.1 on port 7055 after 45000 ms. Firefox console output:
\Local\Temp\anonymous987141559096255909webdriver-profile\extensions\fxdriver@googlecode.com
1525104735349	addons.xpi	DEBUG	Ignoring file entry whose name is not a valid add-on ID: C:\Users\QA Team\AppData\Local\Temp\anonymous987141559096255909webdriver-profile\extensions\webdriver-staging
1525104735349	addons.xpi	DEBUG	Existing add-on fxdriver@googlecode.com in app-profile
1525104735350	addons.xpi	INFO	Mapping activity-stream@mozilla.org to C:\Program Files (x86)\Mozilla Firefox\browser\features\activity-stream@mozilla.org.xpi
1525104735350	addons.xpi	INFO	Mapping aushelper@mozilla.org to C:\Program Files (x86)\Mozilla Firefox\browser\features\aushelper@mozilla.org.xpi
1525104735350	addons.xpi	INFO	Mapping clicktoplay-rollout@mozilla.org to C:\Program Files (x86)\Mozilla Firefox\browser\features\clicktoplay-rollout@mozilla.org.xpi
1525104735350	addons.xpi	INFO	Mapping e10srollout@mozilla.org to C:\Program Files (x86)\Mozilla Firefox\browser\features\e10srollout@mozilla.org.xpi
1525104735351	addons.xpi	INFO	Mapping firefox@getpocket.com to C:\Program Files (x86)\Mozilla Firefox\browser\features\firefox@getpocket.com.xpi
1525104735351	addons.xpi	INFO	Mapping followonsearch@mozilla.com to C:\Program Files (x86)\Mozilla Firefox\browser\features\followonsearch@mozilla.com.xpi
1525104735351	addons.xpi	INFO	Mapping formautofill@mozilla.org to C:\Program Files (x86)\Mozilla Firefox\browser\features\formautofill@mozilla.org.xpi
1525104735351	addons.xpi	INFO	Mapping onboarding@mozilla.org to C:\Program Files (x86)\Mozilla Firefox\browser\features\onboarding@mozilla.org.xpi
1525104735351	addons.xpi	INFO	Mapping screenshots@mozilla.org to C:\Program Files (x86)\Mozilla Firefox\browser\features\screenshots@mozilla.org.xpi
1525104735351	addons.xpi	INFO	Mapping shield-recipe-client@mozilla.org to C:\Program Files (x86)\Mozilla Firefox\browser\features\shield-recipe-client@mozilla.org.xpi
1525104735352	addons.xpi	INFO	Mapping webcompat@mozilla.org to C:\Program Files (x86)\Mozilla Firefox\browser\features\webcompat@mozilla.org.xpi
1525104735352	addons.xpi	DEBUG	Existing add-on activity-stream@mozilla.org in app-system-defaults
1525104735352	addons.xpi	DEBUG	Existing add-on aushelper@mozilla.org in app-system-defaults
1525104735353	addons.xpi	DEBUG	Existing add-on clicktoplay-rollout@mozilla.org in app-system-defaults
1525104735353	addons.xpi	DEBUG	Existing add-on e10srollout@mozilla.org in app-system-defaults
1525104735354	addons.xpi	DEBUG	Existing add-on firefox@getpocket.com in app-system-defaults
1525104735354	addons.xpi	DEBUG	Existing add-on followonsearch@mozilla.com in app-system-defaults
1525104735355	addons.xpi	DEBUG	Existing add-on formautofill@mozilla.org in app-system-defaults
1525104735355	addons.xpi	DEBUG	Existing add-on onboarding@mozilla.org in app-system-defaults
1525104735355	addons.xpi	DEBUG	Existing add-on screenshots@mozilla.org in app-system-defaults
1525104735356	addons.xpi	DEBUG	Existing add-on shield-recipe-client@mozilla.org in app-system-defaults
1525104735356	addons.xpi	DEBUG	Existing add-on webcompat@mozilla.org in app-system-defaults
1525104735357	addons.xpi	INFO	Mapping {972ce4c6-7e08-4474-a285-3208198ce6fd} to C:\Program Files (x86)\Mozilla Firefox\browser\extensions\{972ce4c6-7e08-4474-a285-3208198ce6fd}.xpi
1525104735357	addons.xpi	DEBUG	Existing add-on {972ce4c6-7e08-4474-a285-3208198ce6fd} in app-global
1525104735357	addons.xpi	DEBUG	getInstallState changed: false, state: {}
1525104736717	addons.productaddons	INFO	Completed downloading document
1525104737978	addons.productaddons	INFO	downloadXHR File download. status=200
1525104738009	addons.productaddons	INFO	Downloaded file will be saved to C:\Users\QATEAM~1\AppData\Local\Temp\tmpaddon-842b84
1525104738857	DeferredSave.webext.sc.lz4	DEBUG	Starting write
1525104738870	DeferredSave.webext.sc.lz4	DEBUG	Write succeeded
1525104741819	addons.productaddons	INFO	downloadXHR File download. status=200
1525104741822	addons.productaddons	INFO	Downloaded file will be saved to C:\Users\QATEAM~1\AppData\Local\Temp\tmpaddon-11456e

	at org.openqa.selenium.firefox.internal.NewProfileExtensionConnection.start(NewProfileExtensionConnection.java:113)
	... 20 more
... Removed 10 stack frames]]>
    </failure>
  </testcase> <!-- verifyPageTitle -->
</testsuite> <!-- FireFoxTestCases -->
