<?xml version="1.0" encoding="UTF-8"?>
<testng-results skipped="0" failed="0" ignored="0" total="4" passed="4">
  <reporter-output>
  </reporter-output>
  <suite name="Suite" duration-ms="148271" started-at="2018-05-01T14:50:12Z" finished-at="2018-05-01T14:52:41Z">
    <groups>
    </groups>
    <test name="Test" duration-ms="148271" started-at="2018-05-01T14:50:12Z" finished-at="2018-05-01T14:52:41Z">
      <class name="com.testngscripts.VerifyErrorMessage">
        <test-method status="PASS" signature="verifyText()[pri:0, instance:com.testngscripts.VerifyErrorMessage@38082d64]" name="verifyText" duration-ms="55255" started-at="2018-05-01T20:21:43Z" finished-at="2018-05-01T20:22:39Z">
          <reporter-output>
          </reporter-output>
        </test-method> <!-- verifyText -->
      </class> <!-- com.testngscripts.VerifyErrorMessage -->
      <class name="com.recruitment.simplymarketingjobs.Open_Menu">
        <test-method status="PASS" signature="runTestonEnvironment()[pri:0, instance:com.recruitment.simplymarketingjobs.Open_Menu@dfd3711]" name="runTestonEnvironment" duration-ms="2107" started-at="2018-05-01T20:22:39Z" finished-at="2018-05-01T20:22:41Z">
          <reporter-output>
          </reporter-output>
        </test-method> <!-- runTestonEnvironment -->
      </class> <!-- com.recruitment.simplymarketingjobs.Open_Menu -->
      <class name="com.testngscripts.Launch_All_Beta_Sites_Jenkins">
        <test-method status="PASS" signature="openBetaSite()[pri:0, instance:com.testngscripts.Launch_All_Beta_Sites_Jenkins@6b2fad11]" name="openBetaSite" duration-ms="39133" started-at="2018-05-01T20:20:12Z" finished-at="2018-05-01T20:20:52Z">
          <reporter-output>
          </reporter-output>
        </test-method> <!-- openBetaSite -->
      </class> <!-- com.testngscripts.Launch_All_Beta_Sites_Jenkins -->
      <class name="com.testngscripts.VerifyTitle">
        <test-method status="PASS" signature="getTitle()[pri:0, instance:com.testngscripts.VerifyTitle@2ed94a8b]" name="getTitle" duration-ms="51751" started-at="2018-05-01T20:20:52Z" finished-at="2018-05-01T20:21:43Z">
          <reporter-output>
          </reporter-output>
        </test-method> <!-- getTitle -->
      </class> <!-- com.testngscripts.VerifyTitle -->
    </test> <!-- Test -->
  </suite> <!-- Suite -->
</testng-results>
