<?xml version="1.0" encoding="UTF-8"?>
<!-- Generated by org.testng.reporters.JUnitXMLReporter -->
<testsuite hostname="Sanjeev-India" ignored="0" name="betassj" tests="1" failures="1" timestamp="01 May 2018 06:30:51 GMT" time="0.048" errors="0">
  <testcase name="openSites" time="0.021" classname="com.testngscripts.OpenRecruitmentSites">
    <failure type="java.lang.NullPointerException">
      <![CDATA[java.lang.NullPointerException
	at com.testngscripts.OpenRecruitmentSites.openSites(OpenRecruitmentSites.java:45)
	at java.util.concurrent.FutureTask.run(Unknown Source)
	at java.util.concurrent.ThreadPoolExecutor.runWorker(Unknown Source)
	at java.util.concurrent.ThreadPoolExecutor$Worker.run(Unknown Source)
	at java.lang.Thread.run(Unknown Source)
... Removed 16 stack frames]]>
    </failure>
  </testcase> <!-- openSites -->
</testsuite> <!-- betassj -->
