<?xml version="1.0" encoding="UTF-8"?>
<!-- Generated by org.testng.reporters.JUnitXMLReporter -->
<testsuite hostname="Sanjeev-India" ignored="0" name="ChromeTestCases" tests="3" failures="0" timestamp="22 Jun 2018 18:19:36 GMT" time="121.892" errors="0">
  <testcase name="verifyPageTitle" time="42.705" classname="com.testngscripts.CrossBrowserTesting"/>
  <testcase name="verifyPageTitle" time="38.637" classname="com.testngscripts.CrossBrowserTesting"/>
  <testcase name="verifyPageTitle" time="40.476" classname="com.testngscripts.CrossBrowserTesting"/>
</testsuite> <!-- ChromeTestCases -->
