<?xml version="1.0" encoding="UTF-8"?>
<!-- Generated by org.testng.reporters.JUnitXMLReporter -->
<testsuite hostname="Sanjeev-India" ignored="0" name="IETestCases" tests="3" failures="0" timestamp="22 Jun 2018 18:20:26 GMT" time="7.433" errors="0">
  <testcase name="verifyPageTitle" time="2.227" classname="com.testngscripts.CrossBrowserTesting"/>
  <testcase name="verifyPageTitle" time="2.428" classname="com.testngscripts.CrossBrowserTesting"/>
  <testcase name="verifyPageTitle" time="2.761" classname="com.testngscripts.CrossBrowserTesting"/>
</testsuite> <!-- IETestCases -->
