<?xml version="1.0" encoding="UTF-8"?>
<!-- Generated by org.testng.reporters.JUnitXMLReporter -->
<testsuite hostname="Sanjeev-India" ignored="0" name="Sprint1(failed)" tests="1" failures="1" timestamp="15 Jun 2018 01:13:41 GMT" time="0.063" errors="0">
  <testcase name="testTJS" time="0.016" classname="com.retestfailedtestcases.TestCase3">
    <failure type="java.lang.AssertionError" message="expected [true] but found [false]">
      <![CDATA[java.lang.AssertionError: expected [true] but found [false]
at com.retestfailedtestcases.TestCase3.testTJS(TestCase3.java:17)
... Removed 29 stack frames]]>
    </failure>
  </testcase> <!-- testTJS -->
</testsuite> <!-- Sprint1(failed) -->
