<?xml version="1.0" encoding="UTF-8"?>
<!-- Generated by org.testng.reporters.JUnitReportReporter -->
<testsuite name="com.testngscripts.MyApp_DepdencyAnnotation" tests="5" time="0.045" ignored="0" failures="0" timestamp="15 Apr 2018 08:33:33 GMT" skipped="0" hostname="Sanjeev-India" errors="0">
  <testcase name="testCase2" time="0.004" classname="com.testngscripts.MyApp_DepdencyAnnotation"/>
  <testcase name="loginApp" time="0.002" classname="com.testngscripts.MyApp_DepdencyAnnotation"/>
  <testcase name="statApp" time="0.036" classname="com.testngscripts.MyApp_DepdencyAnnotation"/>
  <testcase name="testCase1" time="0.002" classname="com.testngscripts.MyApp_DepdencyAnnotation"/>
  <testcase name="logoutApp" time="0.001" classname="com.testngscripts.MyApp_DepdencyAnnotation"/>
</testsuite> <!-- com.testngscripts.MyApp_DepdencyAnnotation -->
