<?xml version="1.0" encoding="UTF-8"?>
<!-- Generated by org.testng.reporters.JUnitReportReporter -->
<testsuite name="com.testngscripts.GroupTest2" tests="1" time="0.051" ignored="1" failures="0" timestamp="05 May 2018 01:41:56 GMT" skipped="0" hostname="Sanjeev-India" errors="0">
  <testcase name="homePage" time="0.051" classname="com.testngscripts.GroupTest2"/>
  <testcase name="loginDetails" classname="com.testngscripts.GroupTest1">
    <skipped/>
  </testcase> <!-- loginDetails -->
</testsuite> <!-- com.testngscripts.GroupTest2 -->
