<?xml version="1.0" encoding="UTF-8"?>
<!-- Generated by org.testng.reporters.JUnitReportReporter -->
<testsuite name="com.testngscripts.BasicTestNGFunctionality" tests="3" time="0.028" ignored="0" failures="0" timestamp="12 Apr 2018 07:01:46 GMT" skipped="0" hostname="Sanjeev-India" errors="0">
  <testcase name="checkout" time="0.002" classname="com.testngscripts.BasicTestNGFunctionality"/>
  <testcase name="loginDetails" time="0.023" classname="com.testngscripts.BasicTestNGFunctionality"/>
  <testcase name="product" time="0.003" classname="com.testngscripts.BasicTestNGFunctionality"/>
</testsuite> <!-- com.testngscripts.BasicTestNGFunctionality -->
