<?xml version="1.0" encoding="UTF-8"?>
<testng-results skipped="0" failed="0" ignored="1" total="2" passed="1">
  <reporter-output>
  </reporter-output>
  <suite name="Suite" duration-ms="98" started-at="2018-05-05T01:41:56Z" finished-at="2018-05-05T01:41:56Z">
    <groups>
      <group name="functionalTest">
        <method signature="GroupTest2.homePage()[pri:0, instance:com.testngscripts.GroupTest2@5e5792a0]" name="homePage" class="com.testngscripts.GroupTest2"/>
      </group> <!-- functionalTest -->
    </groups>
    <test name="Test" duration-ms="98" started-at="2018-05-05T01:41:56Z" finished-at="2018-05-05T01:41:56Z">
      <class name="com.testngscripts.GroupTest2">
        <test-method status="PASS" signature="homePage()[pri:0, instance:com.testngscripts.GroupTest2@5e5792a0]" name="homePage" duration-ms="51" started-at="2018-05-05T07:11:56Z" finished-at="2018-05-05T07:11:56Z">
          <reporter-output>
          </reporter-output>
        </test-method> <!-- homePage -->
      </class> <!-- com.testngscripts.GroupTest2 -->
    </test> <!-- Test -->
  </suite> <!-- Suite -->
</testng-results>
