<?xml version="1.0" encoding="UTF-8"?>
<!-- Generated by org.testng.reporters.JUnitXMLReporter -->
<testsuite hostname="Sanjeev-India" ignored="0" name="FireFoxTestCases" tests="1" failures="1" timestamp="30 Apr 2018 16:27:20 GMT" time="48.253" errors="0">
  <testcase name="verifyPageTitle" time="48.221" classname="com.testngscripts.CrossBrowserTesting">
    <failure type="org.openqa.selenium.WebDriverException" message="Failed to connect to binary FirefoxBinary(C:\Program Files (x86)\Mozilla Firefox\firefox.exe) on port 7055; process output follows: 
ox\browser\features\e10srollout@mozilla.org.xpi
1525105597147	addons.xpi	INFO	Mapping firefox@getpocket.com to C:\Program Files (x86)\Mozilla Firefox\browser\features\firefox@getpocket.com.xpi
1525105597149	addons.xpi	INFO	Mapping followonsearch@mozilla.com to C:\Program Files (x86)\Mozilla Firefox\browser\features\followonsearch@mozilla.com.xpi
1525105597149	addons.xpi	INFO	Mapping formautofill@mozilla.org to C:\Program Files (x86)\Mozilla Firefox\browser\features\formautofill@mozilla.org.xpi
1525105597151	addons.xpi	INFO	Mapping onboarding@mozilla.org to C:\Program Files (x86)\Mozilla Firefox\browser\features\onboarding@mozilla.org.xpi
1525105597152	addons.xpi	INFO	Mapping screenshots@mozilla.org to C:\Program Files (x86)\Mozilla Firefox\browser\features\screenshots@mozilla.org.xpi
1525105597153	addons.xpi	INFO	Mapping shield-recipe-client@mozilla.org to C:\Program Files (x86)\Mozilla Firefox\browser\features\shield-recipe-client@mozilla.org.xpi
1525105597154	addons.xpi	INFO	Mapping webcompat@mozilla.org to C:\Program Files (x86)\Mozilla Firefox\browser\features\webcompat@mozilla.org.xpi
1525105597156	addons.xpi	DEBUG	Existing add-on activity-stream@mozilla.org in app-system-defaults
1525105597157	addons.xpi	DEBUG	Existing add-on aushelper@mozilla.org in app-system-defaults
1525105597159	addons.xpi	DEBUG	Existing add-on clicktoplay-rollout@mozilla.org in app-system-defaults
1525105597162	addons.xpi	DEBUG	Existing add-on e10srollout@mozilla.org in app-system-defaults
1525105597167	addons.xpi	DEBUG	Existing add-on firefox@getpocket.com in app-system-defaults
1525105597169	addons.xpi	DEBUG	Existing add-on followonsearch@mozilla.com in app-system-defaults
1525105597170	addons.xpi	DEBUG	Existing add-on formautofill@mozilla.org in app-system-defaults
1525105597172	addons.xpi	DEBUG	Existing add-on onboarding@mozilla.org in app-system-defaults
1525105597173	addons.xpi	DEBUG	Existing add-on screenshots@mozilla.org in app-system-defaults
1525105597174	addons.xpi	DEBUG	Existing add-on shield-recipe-client@mozilla.org in app-system-defaults
1525105597175	addons.xpi	DEBUG	Existing add-on webcompat@mozilla.org in app-system-defaults
1525105597176	addons.xpi	INFO	Mapping {972ce4c6-7e08-4474-a285-3208198ce6fd} to C:\Program Files (x86)\Mozilla Firefox\browser\extensions\{972ce4c6-7e08-4474-a285-3208198ce6fd}.xpi
1525105597179	addons.xpi	DEBUG	Existing add-on {972ce4c6-7e08-4474-a285-3208198ce6fd} in app-global
1525105597180	addons.xpi	DEBUG	getInstallState changed: false, state: {}
1525105597399	addons.productaddons	INFO	sending request to: https://aus5.mozilla.org/update/3/GMP/56.0/20170926190823/WINNT_x86-msvc-x64/en-US/release/Windows_NT%2010.0.0.0%20(x64)/default/default/update.xml
1525105598485	addons.productaddons	INFO	Completed downloading document
1525105599730	addons.productaddons	INFO	downloadXHR File download. status=200
1525105599768	addons.productaddons	INFO	Downloaded file will be saved to C:\WINDOWS\TEMP\tmpaddon-1bda41
1525105600617	DeferredSave.webext.sc.lz4	DEBUG	Starting write
1525105600628	DeferredSave.webext.sc.lz4	DEBUG	Write succeeded
1525105603164	addons.productaddons	INFO	downloadXHR File download. status=200
1525105603166	addons.productaddons	INFO	Downloaded file will be saved to C:\WINDOWS\TEMP\tmpaddon-65d68d

###!!! [Parent][MessageChannel] Error: (msgtype=0x150084,name=PBrowser::Msg_UpdateNativeWindowHandle) Channel error: cannot send/recv


###!!! [Parent][MessageChannel] Error: (msgtype=0x150078,name=PBrowser::Msg_Destroy) Channel error: cannot send/recv


###!!! [Parent][MessageChannel] Error: (msgtype=0x150084,name=PBrowser::Msg_UpdateNativeWindowHandle) Channel error: cannot send/recv


###!!! [Parent][MessageChannel] Error: (msgtype=0x150078,name=PBrowser::Msg_Destroy) Channel error: cannot send/recv


###!!! [Parent][MessageChannel] Error: (msgtype=0x150084,name=PBrowser::Msg_UpdateNativeWindowHandle) Channel error: cannot send/recv


###!!! [Parent][MessageChannel] Error: (msgtype=0x150078,name=PBrowser::Msg_Destroy) Channel error: cannot send/recv


Build info: version: &amp;apos;2.53.1&amp;apos;, revision: &amp;apos;a36b8b1cd5757287168e54b817830adce9b0158d&amp;apos;, time: &amp;apos;2016-06-30 19:26:09&amp;apos;
System info: host: &amp;apos;Sanjeev-India&amp;apos;, ip: &amp;apos;192.168.2.2&amp;apos;, os.name: &amp;apos;Windows 10&amp;apos;, os.arch: &amp;apos;amd64&amp;apos;, os.version: &amp;apos;10.0&amp;apos;, java.version: &amp;apos;1.8.0_151&amp;apos;
Driver info: driver.version: FirefoxDriver">
      <![CDATA[org.openqa.selenium.WebDriverException: Failed to connect to binary FirefoxBinary(C:\Program Files (x86)\Mozilla Firefox\firefox.exe) on port 7055; process output follows: 
ox\browser\features\e10srollout@mozilla.org.xpi
1525105597147	addons.xpi	INFO	Mapping firefox@getpocket.com to C:\Program Files (x86)\Mozilla Firefox\browser\features\firefox@getpocket.com.xpi
1525105597149	addons.xpi	INFO	Mapping followonsearch@mozilla.com to C:\Program Files (x86)\Mozilla Firefox\browser\features\followonsearch@mozilla.com.xpi
1525105597149	addons.xpi	INFO	Mapping formautofill@mozilla.org to C:\Program Files (x86)\Mozilla Firefox\browser\features\formautofill@mozilla.org.xpi
1525105597151	addons.xpi	INFO	Mapping onboarding@mozilla.org to C:\Program Files (x86)\Mozilla Firefox\browser\features\onboarding@mozilla.org.xpi
1525105597152	addons.xpi	INFO	Mapping screenshots@mozilla.org to C:\Program Files (x86)\Mozilla Firefox\browser\features\screenshots@mozilla.org.xpi
1525105597153	addons.xpi	INFO	Mapping shield-recipe-client@mozilla.org to C:\Program Files (x86)\Mozilla Firefox\browser\features\shield-recipe-client@mozilla.org.xpi
1525105597154	addons.xpi	INFO	Mapping webcompat@mozilla.org to C:\Program Files (x86)\Mozilla Firefox\browser\features\webcompat@mozilla.org.xpi
1525105597156	addons.xpi	DEBUG	Existing add-on activity-stream@mozilla.org in app-system-defaults
1525105597157	addons.xpi	DEBUG	Existing add-on aushelper@mozilla.org in app-system-defaults
1525105597159	addons.xpi	DEBUG	Existing add-on clicktoplay-rollout@mozilla.org in app-system-defaults
1525105597162	addons.xpi	DEBUG	Existing add-on e10srollout@mozilla.org in app-system-defaults
1525105597167	addons.xpi	DEBUG	Existing add-on firefox@getpocket.com in app-system-defaults
1525105597169	addons.xpi	DEBUG	Existing add-on followonsearch@mozilla.com in app-system-defaults
1525105597170	addons.xpi	DEBUG	Existing add-on formautofill@mozilla.org in app-system-defaults
1525105597172	addons.xpi	DEBUG	Existing add-on onboarding@mozilla.org in app-system-defaults
1525105597173	addons.xpi	DEBUG	Existing add-on screenshots@mozilla.org in app-system-defaults
1525105597174	addons.xpi	DEBUG	Existing add-on shield-recipe-client@mozilla.org in app-system-defaults
1525105597175	addons.xpi	DEBUG	Existing add-on webcompat@mozilla.org in app-system-defaults
1525105597176	addons.xpi	INFO	Mapping {972ce4c6-7e08-4474-a285-3208198ce6fd} to C:\Program Files (x86)\Mozilla Firefox\browser\extensions\{972ce4c6-7e08-4474-a285-3208198ce6fd}.xpi
1525105597179	addons.xpi	DEBUG	Existing add-on {972ce4c6-7e08-4474-a285-3208198ce6fd} in app-global
1525105597180	addons.xpi	DEBUG	getInstallState changed: false, state: {}
1525105597399	addons.productaddons	INFO	sending request to: https://aus5.mozilla.org/update/3/GMP/56.0/20170926190823/WINNT_x86-msvc-x64/en-US/release/Windows_NT%2010.0.0.0%20(x64)/default/default/update.xml
1525105598485	addons.productaddons	INFO	Completed downloading document
1525105599730	addons.productaddons	INFO	downloadXHR File download. status=200
1525105599768	addons.productaddons	INFO	Downloaded file will be saved to C:\WINDOWS\TEMP\tmpaddon-1bda41
1525105600617	DeferredSave.webext.sc.lz4	DEBUG	Starting write
1525105600628	DeferredSave.webext.sc.lz4	DEBUG	Write succeeded
1525105603164	addons.productaddons	INFO	downloadXHR File download. status=200
1525105603166	addons.productaddons	INFO	Downloaded file will be saved to C:\WINDOWS\TEMP\tmpaddon-65d68d

###!!! [Parent][MessageChannel] Error: (msgtype=0x150084,name=PBrowser::Msg_UpdateNativeWindowHandle) Channel error: cannot send/recv


###!!! [Parent][MessageChannel] Error: (msgtype=0x150078,name=PBrowser::Msg_Destroy) Channel error: cannot send/recv


###!!! [Parent][MessageChannel] Error: (msgtype=0x150084,name=PBrowser::Msg_UpdateNativeWindowHandle) Channel error: cannot send/recv


###!!! [Parent][MessageChannel] Error: (msgtype=0x150078,name=PBrowser::Msg_Destroy) Channel error: cannot send/recv


###!!! [Parent][MessageChannel] Error: (msgtype=0x150084,name=PBrowser::Msg_UpdateNativeWindowHandle) Channel error: cannot send/recv


###!!! [Parent][MessageChannel] Error: (msgtype=0x150078,name=PBrowser::Msg_Destroy) Channel error: cannot send/recv


Build info: version: '2.53.1', revision: 'a36b8b1cd5757287168e54b817830adce9b0158d', time: '2016-06-30 19:26:09'
System info: host: 'Sanjeev-India', ip: '192.168.2.2', os.name: 'Windows 10', os.arch: 'amd64', os.version: '10.0', java.version: '1.8.0_151'
Driver info: driver.version: FirefoxDriver
	at org.openqa.selenium.firefox.internal.NewProfileExtensionConnection.start(NewProfileExtensionConnection.java:125)
	at org.openqa.selenium.firefox.FirefoxDriver.startClient(FirefoxDriver.java:271)
	at org.openqa.selenium.remote.RemoteWebDriver.<init>(RemoteWebDriver.java:119)
	at org.openqa.selenium.firefox.FirefoxDriver.<init>(FirefoxDriver.java:216)
	at org.openqa.selenium.firefox.FirefoxDriver.<init>(FirefoxDriver.java:211)
	at org.openqa.selenium.firefox.FirefoxDriver.<init>(FirefoxDriver.java:207)
	at org.openqa.selenium.firefox.FirefoxDriver.<init>(FirefoxDriver.java:120)
	at com.testngscripts.CrossBrowserTesting.verifyPageTitle(CrossBrowserTesting.java:37)
	at java.util.concurrent.ThreadPoolExecutor.runWorker(ThreadPoolExecutor.java:1149)
	at java.util.concurrent.ThreadPoolExecutor$Worker.run(ThreadPoolExecutor.java:624)
	at java.lang.Thread.run(Thread.java:748)
Caused by: org.openqa.selenium.firefox.NotConnectedException: Unable to connect to host 127.0.0.1 on port 7055 after 45000 ms. Firefox console output:
ox\browser\features\e10srollout@mozilla.org.xpi
1525105597147	addons.xpi	INFO	Mapping firefox@getpocket.com to C:\Program Files (x86)\Mozilla Firefox\browser\features\firefox@getpocket.com.xpi
1525105597149	addons.xpi	INFO	Mapping followonsearch@mozilla.com to C:\Program Files (x86)\Mozilla Firefox\browser\features\followonsearch@mozilla.com.xpi
1525105597149	addons.xpi	INFO	Mapping formautofill@mozilla.org to C:\Program Files (x86)\Mozilla Firefox\browser\features\formautofill@mozilla.org.xpi
1525105597151	addons.xpi	INFO	Mapping onboarding@mozilla.org to C:\Program Files (x86)\Mozilla Firefox\browser\features\onboarding@mozilla.org.xpi
1525105597152	addons.xpi	INFO	Mapping screenshots@mozilla.org to C:\Program Files (x86)\Mozilla Firefox\browser\features\screenshots@mozilla.org.xpi
1525105597153	addons.xpi	INFO	Mapping shield-recipe-client@mozilla.org to C:\Program Files (x86)\Mozilla Firefox\browser\features\shield-recipe-client@mozilla.org.xpi
1525105597154	addons.xpi	INFO	Mapping webcompat@mozilla.org to C:\Program Files (x86)\Mozilla Firefox\browser\features\webcompat@mozilla.org.xpi
1525105597156	addons.xpi	DEBUG	Existing add-on activity-stream@mozilla.org in app-system-defaults
1525105597157	addons.xpi	DEBUG	Existing add-on aushelper@mozilla.org in app-system-defaults
1525105597159	addons.xpi	DEBUG	Existing add-on clicktoplay-rollout@mozilla.org in app-system-defaults
1525105597162	addons.xpi	DEBUG	Existing add-on e10srollout@mozilla.org in app-system-defaults
1525105597167	addons.xpi	DEBUG	Existing add-on firefox@getpocket.com in app-system-defaults
1525105597169	addons.xpi	DEBUG	Existing add-on followonsearch@mozilla.com in app-system-defaults
1525105597170	addons.xpi	DEBUG	Existing add-on formautofill@mozilla.org in app-system-defaults
1525105597172	addons.xpi	DEBUG	Existing add-on onboarding@mozilla.org in app-system-defaults
1525105597173	addons.xpi	DEBUG	Existing add-on screenshots@mozilla.org in app-system-defaults
1525105597174	addons.xpi	DEBUG	Existing add-on shield-recipe-client@mozilla.org in app-system-defaults
1525105597175	addons.xpi	DEBUG	Existing add-on webcompat@mozilla.org in app-system-defaults
1525105597176	addons.xpi	INFO	Mapping {972ce4c6-7e08-4474-a285-3208198ce6fd} to C:\Program Files (x86)\Mozilla Firefox\browser\extensions\{972ce4c6-7e08-4474-a285-3208198ce6fd}.xpi
1525105597179	addons.xpi	DEBUG	Existing add-on {972ce4c6-7e08-4474-a285-3208198ce6fd} in app-global
1525105597180	addons.xpi	DEBUG	getInstallState changed: false, state: {}
1525105597399	addons.productaddons	INFO	sending request to: https://aus5.mozilla.org/update/3/GMP/56.0/20170926190823/WINNT_x86-msvc-x64/en-US/release/Windows_NT%2010.0.0.0%20(x64)/default/default/update.xml
1525105598485	addons.productaddons	INFO	Completed downloading document
1525105599730	addons.productaddons	INFO	downloadXHR File download. status=200
1525105599768	addons.productaddons	INFO	Downloaded file will be saved to C:\WINDOWS\TEMP\tmpaddon-1bda41
1525105600617	DeferredSave.webext.sc.lz4	DEBUG	Starting write
1525105600628	DeferredSave.webext.sc.lz4	DEBUG	Write succeeded
1525105603164	addons.productaddons	INFO	downloadXHR File download. status=200
1525105603166	addons.productaddons	INFO	Downloaded file will be saved to C:\WINDOWS\TEMP\tmpaddon-65d68d

###!!! [Parent][MessageChannel] Error: (msgtype=0x150084,name=PBrowser::Msg_UpdateNativeWindowHandle) Channel error: cannot send/recv


###!!! [Parent][MessageChannel] Error: (msgtype=0x150078,name=PBrowser::Msg_Destroy) Channel error: cannot send/recv


###!!! [Parent][MessageChannel] Error: (msgtype=0x150084,name=PBrowser::Msg_UpdateNativeWindowHandle) Channel error: cannot send/recv


###!!! [Parent][MessageChannel] Error: (msgtype=0x150078,name=PBrowser::Msg_Destroy) Channel error: cannot send/recv


###!!! [Parent][MessageChannel] Error: (msgtype=0x150084,name=PBrowser::Msg_UpdateNativeWindowHandle) Channel error: cannot send/recv


###!!! [Parent][MessageChannel] Error: (msgtype=0x150078,name=PBrowser::Msg_Destroy) Channel error: cannot send/recv


	at org.openqa.selenium.firefox.internal.NewProfileExtensionConnection.start(NewProfileExtensionConnection.java:113)
	... 20 more
... Removed 10 stack frames]]>
    </failure>
  </testcase> <!-- verifyPageTitle -->
</testsuite> <!-- FireFoxTestCases -->
